This file contains any messages produced by compilers while
running configure, to aid debugging if configure makes a mistake.

It was created by coco configure 1.0, which was
generated by GNU Autoconf 2.69.  Invocation command line was

  $ ./configure 

## --------- ##
## Platform. ##
## --------- ##

hostname = SkywalkerBabe
uname -m = x86_64
uname -r = 3.13.0-24-generic
uname -s = Linux
uname -v = #47-Ubuntu SMP Fri May 2 23:30:00 UTC 2014

/usr/bin/uname -p = unknown
/bin/uname -X     = unknown

/bin/arch              = unknown
/usr/bin/arch -k       = unknown
/usr/convex/getsysinfo = unknown
/usr/bin/hostinfo      = unknown
/bin/machine           = unknown
/usr/bin/oslevel       = unknown
/bin/universe          = unknown

PATH: /usr/local/sbin
PATH: /usr/local/bin
PATH: /usr/sbin
PATH: /usr/bin
PATH: /sbin
PATH: /bin
PATH: /usr/games
PATH: /usr/local/games


## ----------- ##
## Core tests. ##
## ----------- ##

configure:1832: checking for a BSD-compatible install
configure:1900: result: /usr/bin/install -c
configure:1911: checking whether build environment is sane
configure:1966: result: yes
configure:2117: checking for a thread-safe mkdir -p
configure:2156: result: /bin/mkdir -p
configure:2163: checking for gawk
configure:2179: found /usr/bin/gawk
configure:2190: result: gawk
configure:2201: checking whether make sets $(MAKE)
configure:2223: result: yes
configure:2252: checking whether make supports nested variables
configure:2269: result: yes
configure:2452: checking for g++
configure:2468: found /usr/bin/g++
configure:2479: result: g++
configure:2506: checking for C++ compiler version
configure:2515: g++ --version >&5
g++ (Ubuntu 4.8.2-19ubuntu1) 4.8.2
Copyright (C) 2013 Free Software Foundation, Inc.
This is free software; see the source for copying conditions.  There is NO
warranty; not even for MERCHANTABILITY or FITNESS FOR A PARTICULAR PURPOSE.

configure:2526: $? = 0
configure:2515: g++ -v >&5
Using built-in specs.
COLLECT_GCC=g++
COLLECT_LTO_WRAPPER=/usr/lib/gcc/x86_64-linux-gnu/4.8/lto-wrapper
Target: x86_64-linux-gnu
Configured with: ../src/configure -v --with-pkgversion='Ubuntu 4.8.2-19ubuntu1' --with-bugurl=file:///usr/share/doc/gcc-4.8/README.Bugs --enable-languages=c,c++,java,go,d,fortran,objc,obj-c++ --prefix=/usr --program-suffix=-4.8 --enable-shared --enable-linker-build-id --libexecdir=/usr/lib --without-included-gettext --enable-threads=posix --with-gxx-include-dir=/usr/include/c++/4.8 --libdir=/usr/lib --enable-nls --with-sysroot=/ --enable-clocale=gnu --enable-libstdcxx-debug --enable-libstdcxx-time=yes --enable-gnu-unique-object --disable-libmudflap --enable-plugin --with-system-zlib --disable-browser-plugin --enable-java-awt=gtk --enable-gtk-cairo --with-java-home=/usr/lib/jvm/java-1.5.0-gcj-4.8-amd64/jre --enable-java-home --with-jvm-root-dir=/usr/lib/jvm/java-1.5.0-gcj-4.8-amd64 --with-jvm-jar-dir=/usr/lib/jvm-exports/java-1.5.0-gcj-4.8-amd64 --with-arch-directory=amd64 --with-ecj-jar=/usr/share/java/eclipse-ecj.jar --enable-objc-gc --enable-multiarch --disable-werror --with-arch-32=i686 --with-abi=m64 --with-multilib-list=m32,m64,mx32 --with-tune=generic --enable-checking=release --build=x86_64-linux-gnu --host=x86_64-linux-gnu --target=x86_64-linux-gnu
Thread model: posix
gcc version 4.8.2 (Ubuntu 4.8.2-19ubuntu1) 
configure:2526: $? = 0
configure:2515: g++ -V >&5
g++: error: unrecognized command line option '-V'
g++: fatal error: no input files
compilation terminated.
configure:2526: $? = 4
configure:2515: g++ -qversion >&5
g++: error: unrecognized command line option '-qversion'
g++: fatal error: no input files
compilation terminated.
configure:2526: $? = 4
configure:2546: checking whether the C++ compiler works
configure:2568: g++    conftest.cpp  >&5
configure:2572: $? = 0
configure:2620: result: yes
configure:2623: checking for C++ compiler default output file name
configure:2625: result: a.out
configure:2631: checking for suffix of executables
configure:2638: g++ -o conftest    conftest.cpp  >&5
configure:2642: $? = 0
configure:2664: result: 
configure:2686: checking whether we are cross compiling
configure:2694: g++ -o conftest    conftest.cpp  >&5
configure:2698: $? = 0
configure:2705: ./conftest
configure:2709: $? = 0
configure:2724: result: no
configure:2729: checking for suffix of object files
configure:2751: g++ -c   conftest.cpp >&5
configure:2755: $? = 0
configure:2776: result: o
configure:2780: checking whether we are using the GNU C++ compiler
configure:2799: g++ -c   conftest.cpp >&5
configure:2799: $? = 0
configure:2808: result: yes
configure:2817: checking whether g++ accepts -g
configure:2837: g++ -c -g  conftest.cpp >&5
configure:2837: $? = 0
configure:2878: result: yes
configure:2912: checking for style of include used by make
configure:2940: result: GNU
configure:2966: checking dependency style of g++
configure:3077: result: gcc3
configure:3240: checking that generated files are newer than configure
configure:3246: result: done
configure:3269: creating ./config.status

## ---------------------- ##
## Running config.status. ##
## ---------------------- ##

This file was extended by coco config.status 1.0, which was
generated by GNU Autoconf 2.69.  Invocation command line was

  CONFIG_FILES    = 
  CONFIG_HEADERS  = 
  CONFIG_LINKS    = 
  CONFIG_COMMANDS = 
  $ ./config.status 

on SkywalkerBabe

config.status:772: creating Makefile
config.status:944: executing depfiles commands

## ---------------- ##
## Cache variables. ##
## ---------------- ##

ac_cv_cxx_compiler_gnu=yes
ac_cv_env_CCC_set=
ac_cv_env_CCC_value=
ac_cv_env_CPPFLAGS_set=
ac_cv_env_CPPFLAGS_value=
ac_cv_env_CXXFLAGS_set=
ac_cv_env_CXXFLAGS_value=
ac_cv_env_CXX_set=
ac_cv_env_CXX_value=
ac_cv_env_LDFLAGS_set=
ac_cv_env_LDFLAGS_value=
ac_cv_env_LIBS_set=
ac_cv_env_LIBS_value=
ac_cv_env_build_alias_set=
ac_cv_env_build_alias_value=
ac_cv_env_host_alias_set=
ac_cv_env_host_alias_value=
ac_cv_env_target_alias_set=
ac_cv_env_target_alias_value=
ac_cv_objext=o
ac_cv_path_install='/usr/bin/install -c'
ac_cv_path_mkdir=/bin/mkdir
ac_cv_prog_AWK=gawk
ac_cv_prog_ac_ct_CXX=g++
ac_cv_prog_cxx_g=yes
ac_cv_prog_make_make_set=yes
am_cv_CXX_dependencies_compiler_type=gcc3
am_cv_make_support_nested_variables=yes

## ----------------- ##
## Output variables. ##
## ----------------- ##

ACLOCAL='${SHELL} "/home/jessica/Documents/CS 251/CoCoGus/CoCo/missing" aclocal-1.14'
AMDEPBACKSLASH='\'
AMDEP_FALSE='#'
AMDEP_TRUE=''
AMTAR='$${TAR-tar}'
AM_BACKSLASH='\'
AM_DEFAULT_V='$(AM_DEFAULT_VERBOSITY)'
AM_DEFAULT_VERBOSITY='1'
AM_V='$(V)'
AUTOCONF='${SHELL} "/home/jessica/Documents/CS 251/CoCoGus/CoCo/missing" autoconf'
AUTOHEADER='${SHELL} "/home/jessica/Documents/CS 251/CoCoGus/CoCo/missing" autoheader'
AUTOMAKE='${SHELL} "/home/jessica/Documents/CS 251/CoCoGus/CoCo/missing" automake-1.14'
AWK='gawk'
CPPFLAGS=''
CXX='g++'
CXXDEPMODE='depmode=gcc3'
CXXFLAGS=' -std=c++0x'
CYGPATH_W='echo'
DEFS='-DPACKAGE_NAME=\"coco\" -DPACKAGE_TARNAME=\"coco\" -DPACKAGE_VERSION=\"1.0\" -DPACKAGE_STRING=\"coco\ 1.0\" -DPACKAGE_BUGREPORT=\"kentdlee@gmail.com\" -DPACKAGE_URL=\"\" -DPACKAGE=\"coco\" -DVERSION=\"1.0\"'
DEPDIR='.deps'
ECHO_C=''
ECHO_N='-n'
ECHO_T=''
EXEEXT=''
INSTALL_DATA='${INSTALL} -m 644'
INSTALL_PROGRAM='${INSTALL}'
INSTALL_SCRIPT='${INSTALL}'
INSTALL_STRIP_PROGRAM='$(install_sh) -c -s'
LDFLAGS=''
LIBOBJS=''
LIBS=''
LTLIBOBJS=''
MAKEINFO='${SHELL} "/home/jessica/Documents/CS 251/CoCoGus/CoCo/missing" makeinfo'
MKDIR_P='/bin/mkdir -p'
OBJEXT='o'
PACKAGE='coco'
PACKAGE_BUGREPORT='kentdlee@gmail.com'
PACKAGE_NAME='coco'
PACKAGE_STRING='coco 1.0'
PACKAGE_TARNAME='coco'
PACKAGE_URL=''
PACKAGE_VERSION='1.0'
PATH_SEPARATOR=':'
SET_MAKE=''
SHELL='/bin/bash'
STRIP=''
VERSION='1.0'
ac_ct_CXX='g++'
am__EXEEXT_FALSE=''
am__EXEEXT_TRUE='#'
am__fastdepCXX_FALSE='#'
am__fastdepCXX_TRUE=''
am__include='include'
am__isrc=''
am__leading_dot='.'
am__nodep='_no'
am__quote=''
am__tar='$${TAR-tar} chof - "$$tardir"'
am__untar='$${TAR-tar} xf -'
bindir='${exec_prefix}/bin'
build_alias=''
datadir='${datarootdir}'
datarootdir='${prefix}/share'
docdir='${datarootdir}/doc/${PACKAGE_TARNAME}'
dvidir='${docdir}'
exec_prefix='${prefix}'
host_alias=''
htmldir='${docdir}'
includedir='${prefix}/include'
infodir='${datarootdir}/info'
install_sh='${SHELL} '\''/home/jessica/Documents/CS 251/CoCoGus/CoCo/install-sh'\'''
libdir='${exec_prefix}/lib'
libexecdir='${exec_prefix}/libexec'
localedir='${datarootdir}/locale'
localstatedir='${prefix}/var'
mandir='${datarootdir}/man'
mkdir_p='$(MKDIR_P)'
oldincludedir='/usr/include'
pdfdir='${docdir}'
prefix='/usr/local'
program_transform_name='s,x,x,'
psdir='${docdir}'
sbindir='${exec_prefix}/sbin'
sharedstatedir='${prefix}/com'
sysconfdir='${prefix}/etc'
target_alias=''

## ----------- ##
## confdefs.h. ##
## ----------- ##

/* confdefs.h */
#define PACKAGE_NAME "coco"
#define PACKAGE_TARNAME "coco"
#define PACKAGE_VERSION "1.0"
#define PACKAGE_STRING "coco 1.0"
#define PACKAGE_BUGREPORT "kentdlee@gmail.com"
#define PACKAGE_URL ""
#define PACKAGE "coco"
#define VERSION "1.0"

configure: exit 0
